1615419766862	geckodriver	INFO	Listening on 127.0.0.1:55921
1615419766873	mozrunner::runner	INFO	Running command: "/Applications/Firefox.app/Contents/MacOS/firefox-bin" "--marionette" "-foreground" "-no-remote" "-profile" "/var/folders/l_/qm4dplj969j0tcpycqgttbwc0000gn/T/rust_mozprofile2l65dH"
console.warn: SearchSettings: "get: No settings file exists, new profile?" (new Error("", "(unknown module)"))
1615419769162	Marionette	INFO	Listening on port 55930
1615419769256	Marionette	WARN	TLS certificate errors will be ignored for this session
1615419791265	geckodriver	INFO	Listening on 127.0.0.1:56001
1615419791276	mozrunner::runner	INFO	Running command: "/Applications/Firefox.app/Contents/MacOS/firefox-bin" "--marionette" "-foreground" "-no-remote" "-profile" "/var/folders/l_/qm4dplj969j0tcpycqgttbwc0000gn/T/rust_mozprofileG72QOs"
console.warn: SearchSettings: "get: No settings file exists, new profile?" (new Error("", "(unknown module)"))
1615419793296	Marionette	INFO	Listening on port 56010
1615419793363	Marionette	WARN	TLS certificate errors will be ignored for this session
1615419823818	geckodriver	INFO	Listening on 127.0.0.1:56099
1615419823830	mozrunner::runner	INFO	Running command: "/Applications/Firefox.app/Contents/MacOS/firefox-bin" "--marionette" "-foreground" "-no-remote" "-profile" "/var/folders/l_/qm4dplj969j0tcpycqgttbwc0000gn/T/rust_mozprofilePAcoO0"
console.warn: SearchSettings: "get: No settings file exists, new profile?" (new Error("", "(unknown module)"))
1615419826065	Marionette	INFO	Listening on port 56108
1615419826122	Marionette	WARN	TLS certificate errors will be ignored for this session
1615420031309	geckodriver	INFO	Listening on 127.0.0.1:56222
1615420032324	mozrunner::runner	INFO	Running command: "/Applications/Firefox.app/Contents/MacOS/firefox-bin" "--marionette" "-foreground" "-no-remote" "-profile" "/var/folders/l_/qm4dplj969j0tcpycqgttbwc0000gn/T/rust_mozprofilet4mJ1L"
console.warn: SearchSettings: "get: No settings file exists, new profile?" (new Error("", "(unknown module)"))
1615420034359	Marionette	INFO	Listening on port 56233
1615420034411	Marionette	WARN	TLS certificate errors will be ignored for this session
1615420034425	Marionette	INFO	Stopped listening on port 56233
JavaScript error: resource://activity-stream/lib/ASRouter.jsm, line 988: NS_ERROR_ILLEGAL_VALUE: Component returned failure code: 0x80070057 (NS_ERROR_ILLEGAL_VALUE) [nsIObserverService.removeObserver]
console.error: Region.jsm: "Error fetching region" (new TypeError("NetworkError when attempting to fetch resource.", ""))
console.error: Region.jsm: "Failed to fetch region" (new Error("NO_RESULT", "resource://gre/modules/Region.jsm", 422))
console.error: services.settings: 
  main/cfr-fxa Signature failed  TypeError: NetworkError when attempting to fetch resource.

###!!! [Parent][RunMessage] Error: Channel closing: too late to send/recv, messages will be lost

1615420068022	geckodriver	INFO	Listening on 127.0.0.1:56269
1615420069036	mozrunner::runner	INFO	Running command: "/Applications/Firefox.app/Contents/MacOS/firefox-bin" "--marionette" "-foreground" "-no-remote" "-profile" "/var/folders/l_/qm4dplj969j0tcpycqgttbwc0000gn/T/rust_mozprofilexZiX60"
console.warn: SearchSettings: "get: No settings file exists, new profile?" (new Error("", "(unknown module)"))
1615420071089	Marionette	INFO	Listening on port 56280
1615420071127	Marionette	WARN	TLS certificate errors will be ignored for this session
1615420071145	Marionette	INFO	Stopped listening on port 56280
JavaScript error: resource://activity-stream/lib/ASRouter.jsm, line 988: NS_ERROR_ILLEGAL_VALUE: Component returned failure code: 0x80070057 (NS_ERROR_ILLEGAL_VALUE) [nsIObserverService.removeObserver]
console.error: Region.jsm: "Error fetching region" (new TypeError("NetworkError when attempting to fetch resource.", ""))
console.error: Region.jsm: "Failed to fetch region" (new Error("NO_RESULT", "resource://gre/modules/Region.jsm", 422))
console.error: services.settings: 
  main/message-groups Signature failed  TypeError: NetworkError when attempting to fetch resource.

###!!! [Parent][RunMessage] Error: Channel closing: too late to send/recv, messages will be lost

1615420081231	Marionette	INFO	Stopped listening on port 55930

###!!! [Parent][RunMessage] Error: Channel closing: too late to send/recv, messages will be lost

1615420083708	Marionette	INFO	Stopped listening on port 56010

###!!! [Parent][RunMessage] Error: Channel closing: too late to send/recv, messages will be lost

1615420086135	Marionette	INFO	Stopped listening on port 56108

###!!! [Parent][RunMessage] Error: Channel closing: too late to send/recv, messages will be lost

1615420115542	geckodriver	INFO	Listening on 127.0.0.1:56312
1615420116558	mozrunner::runner	INFO	Running command: "/Applications/Firefox.app/Contents/MacOS/firefox-bin" "--marionette" "-foreground" "-no-remote" "-profile" "/var/folders/l_/qm4dplj969j0tcpycqgttbwc0000gn/T/rust_mozprofilevUdaR6"
console.warn: SearchSettings: "get: No settings file exists, new profile?" (new Error("", "(unknown module)"))
1615420118584	Marionette	INFO	Listening on port 56323
1615420118650	Marionette	WARN	TLS certificate errors will be ignored for this session
1615420126096	Marionette	INFO	Stopped listening on port 56323
1615420367708	geckodriver	INFO	Listening on 127.0.0.1:57040
1615420368721	mozrunner::runner	INFO	Running command: "/Applications/Firefox.app/Contents/MacOS/firefox-bin" "--marionette" "-foreground" "-no-remote" "-profile" "/var/folders/l_/qm4dplj969j0tcpycqgttbwc0000gn/T/rust_mozprofile6fHa4q"
console.warn: SearchSettings: "get: No settings file exists, new profile?" (new Error("", "(unknown module)"))
1615420370872	Marionette	INFO	Listening on port 57055
1615420370898	Marionette	WARN	TLS certificate errors will be ignored for this session
1615420376528	Marionette	INFO	Stopped listening on port 57055

###!!! [Parent][RunMessage] Error: Channel closing: too late to send/recv, messages will be lost

1615420393445	geckodriver	INFO	Listening on 127.0.0.1:57230
1615420394459	mozrunner::runner	INFO	Running command: "/Applications/Firefox.app/Contents/MacOS/firefox-bin" "--marionette" "-foreground" "-no-remote" "-profile" "/var/folders/l_/qm4dplj969j0tcpycqgttbwc0000gn/T/rust_mozprofile6L4pcQ"
console.warn: SearchSettings: "get: No settings file exists, new profile?" (new Error("", "(unknown module)"))
1615420396504	Marionette	INFO	Listening on port 57245
1615420396548	Marionette	WARN	TLS certificate errors will be ignored for this session
1615420407066	Marionette	INFO	Stopped listening on port 57245
1615420485254	geckodriver	INFO	Listening on 127.0.0.1:57687
1615420486266	mozrunner::runner	INFO	Running command: "/Applications/Firefox.app/Contents/MacOS/firefox-bin" "--marionette" "-foreground" "-no-remote" "-profile" "/var/folders/l_/qm4dplj969j0tcpycqgttbwc0000gn/T/rust_mozprofile07Tbdx"
console.warn: SearchSettings: "get: No settings file exists, new profile?" (new Error("", "(unknown module)"))
1615420488394	Marionette	INFO	Listening on port 57702
1615420488448	Marionette	WARN	TLS certificate errors will be ignored for this session
1615420499238	Marionette	INFO	Stopped listening on port 57702

###!!! [Parent][RunMessage] Error: Channel closing: too late to send/recv, messages will be lost

1615420516045	geckodriver	INFO	Listening on 127.0.0.1:57901
1615420517061	mozrunner::runner	INFO	Running command: "/Applications/Firefox.app/Contents/MacOS/firefox-bin" "--marionette" "-foreground" "-no-remote" "-profile" "/var/folders/l_/qm4dplj969j0tcpycqgttbwc0000gn/T/rust_mozprofileDAw4Ec"
console.warn: SearchSettings: "get: No settings file exists, new profile?" (new Error("", "(unknown module)"))
1615420519085	Marionette	INFO	Listening on port 57916
1615420519139	Marionette	WARN	TLS certificate errors will be ignored for this session
1615420529945	Marionette	INFO	Stopped listening on port 57916

###!!! [Parent][RunMessage] Error: Channel closing: too late to send/recv, messages will be lost

1615420551818	geckodriver	INFO	Listening on 127.0.0.1:58133
1615420552831	mozrunner::runner	INFO	Running command: "/Applications/Firefox.app/Contents/MacOS/firefox-bin" "--marionette" "-foreground" "-no-remote" "-profile" "/var/folders/l_/qm4dplj969j0tcpycqgttbwc0000gn/T/rust_mozprofileGM6RRC"
console.warn: SearchSettings: "get: No settings file exists, new profile?" (new Error("", "(unknown module)"))
1615420555020	Marionette	INFO	Listening on port 58148
1615420555116	Marionette	WARN	TLS certificate errors will be ignored for this session
1615420565925	Marionette	INFO	Stopped listening on port 58148

###!!! [Parent][RunMessage] Error: Channel closing: too late to send/recv, messages will be lost

1615420687592	geckodriver	INFO	Listening on 127.0.0.1:58778
1615420688609	mozrunner::runner	INFO	Running command: "/Applications/Firefox.app/Contents/MacOS/firefox-bin" "--marionette" "-foreground" "-no-remote" "-profile" "/var/folders/l_/qm4dplj969j0tcpycqgttbwc0000gn/T/rust_mozprofile6LrEps"
console.warn: SearchSettings: "get: No settings file exists, new profile?" (new Error("", "(unknown module)"))
1615420690700	Marionette	INFO	Listening on port 58793
1615420690780	Marionette	WARN	TLS certificate errors will be ignored for this session
1615420695205	Marionette	WARN	Ignoring event 'pageshow' because document has an invalid readyState of 'interactive'.
1615420696695	Marionette	INFO	Stopped listening on port 58793

###!!! [Parent][RunMessage] Error: Channel closing: too late to send/recv, messages will be lost

1615420971903	geckodriver	INFO	Listening on 127.0.0.1:60013
1615420972920	mozrunner::runner	INFO	Running command: "/Applications/Firefox.app/Contents/MacOS/firefox-bin" "--marionette" "-foreground" "-no-remote" "-profile" "/var/folders/l_/qm4dplj969j0tcpycqgttbwc0000gn/T/rust_mozprofilerxe5zz"
console.warn: SearchSettings: "get: No settings file exists, new profile?" (new Error("", "(unknown module)"))
1615420975115	Marionette	INFO	Listening on port 60028
1615420975210	Marionette	WARN	TLS certificate errors will be ignored for this session
1615420978781	Marionette	WARN	Ignoring event 'pageshow' because document has an invalid readyState of 'interactive'.
1615420985323	Marionette	INFO	Stopped listening on port 60028

###!!! [Parent][RunMessage] Error: Channel closing: too late to send/recv, messages will be lost

1615421010015	geckodriver	INFO	Listening on 127.0.0.1:60258
1615421011030	mozrunner::runner	INFO	Running command: "/Applications/Firefox.app/Contents/MacOS/firefox-bin" "--marionette" "-foreground" "-no-remote" "-profile" "/var/folders/l_/qm4dplj969j0tcpycqgttbwc0000gn/T/rust_mozprofilepIbhaK"
console.warn: SearchSettings: "get: No settings file exists, new profile?" (new Error("", "(unknown module)"))
1615421013232	Marionette	INFO	Listening on port 60273
1615421013320	Marionette	WARN	TLS certificate errors will be ignored for this session
1615421020673	Marionette	WARN	Ignoring event 'pageshow' because document has an invalid readyState of 'interactive'.
1615421027245	Marionette	INFO	Stopped listening on port 60273

###!!! [Parent][RunMessage] Error: Channel closing: too late to send/recv, messages will be lost

1615421050888	geckodriver	INFO	Listening on 127.0.0.1:60517
1615421051900	mozrunner::runner	INFO	Running command: "/Applications/Firefox.app/Contents/MacOS/firefox-bin" "--marionette" "-foreground" "-no-remote" "-profile" "/var/folders/l_/qm4dplj969j0tcpycqgttbwc0000gn/T/rust_mozprofile07ik5j"
console.warn: SearchSettings: "get: No settings file exists, new profile?" (new Error("", "(unknown module)"))
1615421053935	Marionette	INFO	Listening on port 60532
1615421053984	Marionette	WARN	TLS certificate errors will be ignored for this session
1615421061298	Marionette	WARN	Ignoring event 'pageshow' because document has an invalid readyState of 'interactive'.
1615421067830	Marionette	INFO	Stopped listening on port 60532

###!!! [Parent][RunMessage] Error: Channel closing: too late to send/recv, messages will be lost

